<?xml version="1.0" encoding="UTF-8"?>
<!-- Generated by org.testng.reporters.JUnitReportReporter -->
<testsuite hostname="DESKTOP-EAVEVRP" failures="0" tests="1" name="com.inetbanking.testCases.TC_EditCustomerTest_204" time="17.483" errors="0" timestamp="2023-03-11T19:53:08 EST" skipped="0">
  <testcase classname="com.inetbanking.testCases.TC_EditCustomerTest_204" name="editCustomer" time="17.483"/>
  <system-out/>
</testsuite> <!-- com.inetbanking.testCases.TC_EditCustomerTest_204 -->
