<?xml version="1.0" encoding="UTF-8"?>
<!-- Generated by org.testng.reporters.JUnitReportReporter -->
<testsuite hostname="DESKTOP-EAVEVRP" failures="0" tests="1" name="com.inetbanking.testCases.TC_AddCustomerTest_203" time="24.690" errors="0" timestamp="2023-03-10T23:12:27 EST" skipped="0">
  <testcase classname="com.inetbanking.testCases.TC_AddCustomerTest_203" name="addNewCustomer" time="24.690"/>
  <system-out/>
</testsuite> <!-- com.inetbanking.testCases.TC_AddCustomerTest_203 -->
