<?xml version="1.0" encoding="UTF-8"?>
<!-- Generated by org.testng.reporters.JUnitReportReporter -->
<testsuite hostname="DESKTOP-EAVEVRP" failures="0" tests="1" name="com.inetbanking.testCases.TC_DeleteCutomerTest_205" time="19.264" errors="0" timestamp="2023-03-13T12:47:05 EDT" skipped="0">
  <testcase classname="com.inetbanking.testCases.TC_DeleteCutomerTest_205" name="deleteCustomer" time="19.264"/>
  <system-out/>
</testsuite> <!-- com.inetbanking.testCases.TC_DeleteCutomerTest_205 -->
